<?xml version="1.0" encoding="UTF-8"?>
<testsuite name="GreetingTest" tests="3" skipped="0" failures="0" errors="0" timestamp="2025-09-10T19:47:00.313Z" hostname="MacBook-Pro-Andrey.local" time="0.016">
  <properties/>
  <testcase name="testExample()[jvm]" classname="GreetingTest" time="0.013"/>
  <testcase name="testCalculation()[jvm]" classname="GreetingTest" time="0.001"/>
  <testcase name="testMessage()[jvm]" classname="GreetingTest" time="0.002"/>
  <system-out><![CDATA[]]></system-out>
  <system-err><![CDATA[]]></system-err>
</testsuite>
